Found 32768 game files (0 skipped)
Loading package: 00055449.upk Ver: 573/1 Engine: 4205 Names: 146 Exports: 117 Imports: 8 Game: 801A
Loading SkeletalMesh3 MagicBunny from package 00055449.upk
WARNING: ByteProperty "USkeletalMesh3::ItemPreviewLocType" was not found
Loaded in 0.013 sec, 191 allocs, 0.35 MBytes serialized in 106328 calls.

Object info:
============
ClassName: SkeletalMesh3 ObjectName: MagicBunny

    LODInfo[1] =
    {
        LODInfo[0] =
        {
            DisplayFactor = 0
            LODHysteresis = 0.02
            LODMaterialMap[0] = {}
            bEnableShadowCasting[1] = { true }
        }
    }
    Sockets[0] = {}
    bHasVertexColors = false
    EnableTwistBoneFixers = true
    EnableClavicleFixer = true
    Materials[1] = { None }


    Lods[1] =
    {
        Lods[0] =
        {
            Sections[1] =
            {
                Sections[0] = { Material=None, FirstIndex=0, NumFaces=4162 }
            }
            NumVerts = 2814
            IndexCount = 12486
            NumTexCoords = 1
        }
    }
    LodCount = 1
    MeshOrigin = { X=-0, Y=-0, Z=-0 }
    MeshScale = { X=1, Y=1, Z=1 }
    RotOrigin = { Yaw=0, Pitch=0, Roll=0 }
    BoneCount = 72
