Found 32768 game files (0 skipped)
Loading package: 00009368.upk Ver: 573/1 Engine: 4205 Names: 254 Exports: 153 Imports: 66 Game: 801A
Loading Material3 animation from package 00009368.upk
Loading Material3 FlipBookMaterial from package 00009368.upk
WARNING: Unknown class "TextureFlipBook" for object "FlipBook"
Loading Material3 Roll from package 00009368.upk
Loading MaterialInstanceConstant FlipBookMaterialIntance from package 00009368.upk
Loading MaterialInstanceConstant Loading_icon from package 00009368.upk
Loading MaterialInstanceConstant Loading_txt from package 00009368.upk
Loading SkeletalMesh3 nowloading from package 00009368.upk
Loading Texture2D BaekchungDungeonTip_01 from package 00009368.upk
Loading Texture2D BloodSharkDungeonTip_01 from package 00009368.upk
Loading Texture2D intro1_texture from package 00009368.upk
Loading Texture2D intro2_texture from package 00009368.upk
Loading Texture2D intro2_texture_02 from package 00009368.upk
Loading Texture2D Loading_AniseDuelBack01 from package 00009368.upk
Loading Texture2D Loading_ArenaBack01 from package 00009368.upk
Loading Texture2D Loading_DarkCrazyTribe_01 from package 00009368.upk
Loading Texture2D Loading_DuelBack01 from package 00009368.upk
Loading Texture2D Loading_DuelBack02 from package 00009368.upk
Loading Texture2D Loading_DuelBack03 from package 00009368.upk
Loading Texture2D Loading_DuelBack04 from package 00009368.upk
Loading Texture2D Loading_DuelBack05 from package 00009368.upk
Loading Texture2D Loading_Enterworld1_01 from package 00009368.upk
Loading Texture2D Loading_Enterworld1_02 from package 00009368.upk
Loading Texture2D Loading_GuildBattleField_01 from package 00009368.upk
Loading Texture2D Loading_MuHanBack01 from package 00009368.upk
Loading Texture2D Loading_NightWindPlain from package 00009368.upk
Loading Texture2D Loading_WindPlainFaction from package 00009368.upk
Loading Texture2D LoadingTip_Arena from package 00009368.upk
Loading Texture2D LoadingTip_Duel from package 00009368.upk
Loading Texture2D LoadingTip_Duel_Icon_001 from package 00009368.upk
Loading Texture2D LoadingTip_Duel_Icon_002 from package 00009368.upk
Loading Texture2D LoadingTip_Duel_Icon_03 from package 00009368.upk
Loading Texture2D LoadingTip_Duel_Icon_04 from package 00009368.upk
Loading Texture2D LoadingTip_Duel_Icon_05 from package 00009368.upk
Loading Texture2D LoadingTip_Epic3 from package 00009368.upk
Loading Texture2D LoadingTip_Epic4 from package 00009368.upk
Loading Texture2D loding_roll from package 00009368.upk
Loading Texture2D Login_BG from package 00009368.upk
Loading Texture2D Login_BG2 from package 00009368.upk
Loading Texture2D nowloading from package 00009368.upk
Loading Texture2D nowloading1 from package 00009368.upk
Loading Texture2D nowloading2 from package 00009368.upk
Loading Texture2D nowloading3 from package 00009368.upk
Loading Texture2D nowloading4 from package 00009368.upk
Loading Texture2D nowloading5 from package 00009368.upk
Loading Texture2D outro1_texture from package 00009368.upk
Loading Texture2D PachunsungdoTip_01 from package 00009368.upk
Loaded in 0.22 sec, 518 allocs, 20.63 MBytes serialized in 9145 calls.

Object info:
============
ClassName: Material3 ObjectName: animation

    TwoSided = false
    bDisableDepthTest = false
    bIsMasked = false
    ReferencedTextures[4] =
    {
        ReferencedTextures[0] = Texture2D'nowloading'
        ReferencedTextures[1] = Texture2D'nowloading1'
        ReferencedTextures[2] = Texture2D'nowloading2'
        ReferencedTextures[3] = Texture2D'nowloading3'
    }
    BlendMode = BLEND_Translucent (2)
    OpacityMaskClipValue = 0.333
    FlattenedTexture = None
    MobileBaseTexture = None
    MobileNormalTexture = None
    bUseMobileSpecular = false
    MobileSpecularPower = 16
    MobileSpecularMask = MSM_Constant (0)
    MobileMaskTexture = None

Object info:
============
ClassName: Material3 ObjectName: FlipBookMaterial

    TwoSided = false
    bDisableDepthTest = false
    bIsMasked = false
    ReferencedTextures[1] = { None }
    BlendMode = BLEND_Translucent (2)
    OpacityMaskClipValue = 0.333
    FlattenedTexture = None
    MobileBaseTexture = None
    MobileNormalTexture = None
    bUseMobileSpecular = false
    MobileSpecularPower = 16
    MobileSpecularMask = MSM_Constant (0)
    MobileMaskTexture = None

Object info:
============
ClassName: Material3 ObjectName: Roll

    TwoSided = false
    bDisableDepthTest = false
    bIsMasked = false
    ReferencedTextures[1] = { Texture2D'loding_roll' }
    BlendMode = BLEND_Translucent (2)
    OpacityMaskClipValue = 0.333
    FlattenedTexture = None
    MobileBaseTexture = None
    MobileNormalTexture = None
    bUseMobileSpecular = false
    MobileSpecularPower = 16
    MobileSpecularMask = MSM_Constant (0)
    MobileMaskTexture = None

Object info:
============
ClassName: MaterialInstanceConstant ObjectName: FlipBookMaterialIntance

    ScalarParameterValues[0] = {}
    TextureParameterValues[0] = {}
    VectorParameterValues[0] = {}
    Parent = Material3'FlipBookMaterial'
    FlattenedTexture = None
    MobileBaseTexture = None
    MobileNormalTexture = None
    bUseMobileSpecular = false
    MobileSpecularPower = 16
    MobileSpecularMask = MSM_Constant (0)
    MobileMaskTexture = None

Object info:
============
ClassName: MaterialInstanceConstant ObjectName: Loading_icon

    ScalarParameterValues[1] =
    {
        ScalarParameterValues[0] = { ParameterName=Speed, ParameterValue=-2 }
    }
    TextureParameterValues[0] = {}
    VectorParameterValues[0] = {}
    Parent = Material3'Roll'
    FlattenedTexture = None
    MobileBaseTexture = None
    MobileNormalTexture = None
    bUseMobileSpecular = false
    MobileSpecularPower = 16
    MobileSpecularMask = MSM_Constant (0)
    MobileMaskTexture = None

Object info:
============
ClassName: MaterialInstanceConstant ObjectName: Loading_txt

    ScalarParameterValues[2] =
    {
        ScalarParameterValues[0] = { ParameterName=time-x, ParameterValue=0.18 }
        ScalarParameterValues[1] = { ParameterName=time*x, ParameterValue=0.5 }
    }
    TextureParameterValues[0] = {}
    VectorParameterValues[0] = {}
    Parent = Material3'animation'
    FlattenedTexture = None
    MobileBaseTexture = None
    MobileNormalTexture = None
    bUseMobileSpecular = false
    MobileSpecularPower = 16
    MobileSpecularMask = MSM_Constant (0)
    MobileMaskTexture = None

Object info:
============
ClassName: SkeletalMesh3 ObjectName: nowloading

    LODInfo[1] =
    {
        LODInfo[0] =
        {
            DisplayFactor = 0
            LODHysteresis = 0.02
            LODMaterialMap[0] = {}
            bEnableShadowCasting[2] = { true, true }
        }
    }
    Sockets[0] = {}
    bHasVertexColors = false
    EnableTwistBoneFixers = true
    EnableClavicleFixer = true
    Materials[2] = { MaterialInstanceConstant'Loading_icon', MaterialInstanceConstant'Loading_txt' }


    Lods[1] =
    {
        Lods[0] =
        {
            Sections[2] =
            {
                Sections[0] = { Material=MaterialInstanceConstant'Loading_icon', FirstIndex=0, NumFaces=2 }
                Sections[1] = { Material=MaterialInstanceConstant'Loading_txt', FirstIndex=6, NumFaces=2 }
            }
            NumVerts = 8
            IndexCount = 12
            NumTexCoords = 1
        }
    }
    LodCount = 1
    MeshOrigin = { X=-0, Y=-0, Z=-0 }
    MeshScale = { X=1, Y=1, Z=1 }
    RotOrigin = { Yaw=0, Pitch=0, Roll=0 }
    BoneCount = 1

Object info:
============
ClassName: Texture2D ObjectName: BaekchungDungeonTip_01

    SizeX = 2048
    SizeY = 2048
    Format = PF_DXT1 (5)
    AddressX = TA_Clamp (1)
    AddressY = TA_Clamp (1)
    TextureFileCacheName = None
    MipTailBaseIdx = 0
    bForcePVRTC4 = false
    UnpackMin[4] = { 0, 0, 0, 0 }
    UnpackMax[4] = { 1, 1, 1, 1 }

Object info:
============
ClassName: Texture2D ObjectName: BloodSharkDungeonTip_01

    SizeX = 2048
    SizeY = 2048
    Format = PF_DXT1 (5)
    AddressX = TA_Clamp (1)
    AddressY = TA_Clamp (1)
    TextureFileCacheName = None
    MipTailBaseIdx = 0
    bForcePVRTC4 = false
    UnpackMin[4] = { 0, 0, 0, 0 }
    UnpackMax[4] = { 1, 1, 1, 1 }

Object info:
============
ClassName: Texture2D ObjectName: intro1_texture

    SizeX = 2048
    SizeY = 2048
    Format = PF_DXT1 (5)
    AddressX = TA_Wrap (0)
    AddressY = TA_Wrap (0)
    TextureFileCacheName = None
    MipTailBaseIdx = 0
    bForcePVRTC4 = false
    UnpackMin[4] = { 0, 0, 0, 0 }
    UnpackMax[4] = { 1, 1, 1, 1 }

Object info:
============
ClassName: Texture2D ObjectName: intro2_texture

    SizeX = 2048
    SizeY = 2048
    Format = PF_DXT1 (5)
    AddressX = TA_Wrap (0)
    AddressY = TA_Wrap (0)
    TextureFileCacheName = None
    MipTailBaseIdx = 0
    bForcePVRTC4 = false
    UnpackMin[4] = { 0, 0, 0, 0 }
    UnpackMax[4] = { 1, 1, 1, 1 }

Object info:
============
ClassName: Texture2D ObjectName: intro2_texture_02

    SizeX = 2048
    SizeY = 2048
    Format = PF_DXT1 (5)
    AddressX = TA_Wrap (0)
    AddressY = TA_Wrap (0)
    TextureFileCacheName = None
    MipTailBaseIdx = 0
    bForcePVRTC4 = false
    UnpackMin[4] = { 0, 0, 0, 0 }
    UnpackMax[4] = { 1, 1, 1, 1 }

Object info:
============
ClassName: Texture2D ObjectName: Loading_AniseDuelBack01

    SizeX = 2048
    SizeY = 2048
    Format = PF_DXT1 (5)
    AddressX = TA_Clamp (1)
    AddressY = TA_Clamp (1)
    TextureFileCacheName = None
    MipTailBaseIdx = 0
    bForcePVRTC4 = false
    UnpackMin[4] = { 0, 0, 0, 0 }
    UnpackMax[4] = { 1, 1, 1, 1 }

Object info:
============
ClassName: Texture2D ObjectName: Loading_ArenaBack01

    SizeX = 2048
    SizeY = 2048
    Format = PF_DXT1 (5)
    AddressX = TA_Clamp (1)
    AddressY = TA_Clamp (1)
    TextureFileCacheName = None
    MipTailBaseIdx = 0
    bForcePVRTC4 = false
    UnpackMin[4] = { 0, 0, 0, 0 }
    UnpackMax[4] = { 1, 1, 1, 1 }

Object info:
============
ClassName: Texture2D ObjectName: Loading_DarkCrazyTribe_01

    SizeX = 2048
    SizeY = 2048
    Format = PF_DXT1 (5)
    AddressX = TA_Clamp (1)
    AddressY = TA_Clamp (1)
    TextureFileCacheName = None
    MipTailBaseIdx = 0
    bForcePVRTC4 = false
    UnpackMin[4] = { 0, 0, 0, 0 }
    UnpackMax[4] = { 1, 1, 1, 1 }

Object info:
============
ClassName: Texture2D ObjectName: Loading_DuelBack01

    SizeX = 2048
    SizeY = 2048
    Format = PF_DXT1 (5)
    AddressX = TA_Clamp (1)
    AddressY = TA_Clamp (1)
    TextureFileCacheName = None
    MipTailBaseIdx = 0
    bForcePVRTC4 = false
    UnpackMin[4] = { 0, 0, 0, 0 }
    UnpackMax[4] = { 1, 1, 1, 1 }

Object info:
============
ClassName: Texture2D ObjectName: Loading_DuelBack02

    SizeX = 2048
    SizeY = 2048
    Format = PF_DXT1 (5)
    AddressX = TA_Clamp (1)
    AddressY = TA_Clamp (1)
    TextureFileCacheName = None
    MipTailBaseIdx = 0
    bForcePVRTC4 = false
    UnpackMin[4] = { 0, 0, 0, 0 }
    UnpackMax[4] = { 1, 1, 1, 1 }

Object info:
============
ClassName: Texture2D ObjectName: Loading_DuelBack03

    SizeX = 2048
    SizeY = 2048
    Format = PF_DXT1 (5)
    AddressX = TA_Clamp (1)
    AddressY = TA_Clamp (1)
    TextureFileCacheName = None
    MipTailBaseIdx = 0
    bForcePVRTC4 = false
    UnpackMin[4] = { 0, 0, 0, 0 }
    UnpackMax[4] = { 1, 1, 1, 1 }

Object info:
============
ClassName: Texture2D ObjectName: Loading_DuelBack04

    SizeX = 2048
    SizeY = 2048
    Format = PF_DXT1 (5)
    AddressX = TA_Clamp (1)
    AddressY = TA_Clamp (1)
    TextureFileCacheName = None
    MipTailBaseIdx = 0
    bForcePVRTC4 = false
    UnpackMin[4] = { 0, 0, 0, 0 }
    UnpackMax[4] = { 1, 1, 1, 1 }

Object info:
============
ClassName: Texture2D ObjectName: Loading_DuelBack05

    SizeX = 2048
    SizeY = 2048
    Format = PF_DXT1 (5)
    AddressX = TA_Clamp (1)
    AddressY = TA_Clamp (1)
    TextureFileCacheName = None
    MipTailBaseIdx = 0
    bForcePVRTC4 = false
    UnpackMin[4] = { 0, 0, 0, 0 }
    UnpackMax[4] = { 1, 1, 1, 1 }

Object info:
============
ClassName: Texture2D ObjectName: Loading_Enterworld1_01

    SizeX = 2048
    SizeY = 2048
    Format = PF_DXT1 (5)
    AddressX = TA_Clamp (1)
    AddressY = TA_Clamp (1)
    TextureFileCacheName = None
    MipTailBaseIdx = 0
    bForcePVRTC4 = false
    UnpackMin[4] = { 0, 0, 0, 0 }
    UnpackMax[4] = { 1, 1, 1, 1 }

Object info:
============
ClassName: Texture2D ObjectName: Loading_Enterworld1_02

    SizeX = 2048
    SizeY = 2048
    Format = PF_DXT1 (5)
    AddressX = TA_Clamp (1)
    AddressY = TA_Clamp (1)
    TextureFileCacheName = None
    MipTailBaseIdx = 0
    bForcePVRTC4 = false
    UnpackMin[4] = { 0, 0, 0, 0 }
    UnpackMax[4] = { 1, 1, 1, 1 }

Object info:
============
ClassName: Texture2D ObjectName: Loading_GuildBattleField_01

    SizeX = 2048
    SizeY = 2048
    Format = PF_DXT1 (5)
    AddressX = TA_Clamp (1)
    AddressY = TA_Clamp (1)
    TextureFileCacheName = None
    MipTailBaseIdx = 0
    bForcePVRTC4 = false
    UnpackMin[4] = { 0, 0, 0, 0 }
    UnpackMax[4] = { 1, 1, 1, 1 }

Object info:
============
ClassName: Texture2D ObjectName: Loading_MuHanBack01

    SizeX = 2048
    SizeY = 2048
    Format = PF_DXT1 (5)
    AddressX = TA_Clamp (1)
    AddressY = TA_Clamp (1)
    TextureFileCacheName = None
    MipTailBaseIdx = 0
    bForcePVRTC4 = false
    UnpackMin[4] = { 0, 0, 0, 0 }
    UnpackMax[4] = { 1, 1, 1, 1 }

Object info:
============
ClassName: Texture2D ObjectName: Loading_NightWindPlain

    SizeX = 2048
    SizeY = 2048
    Format = PF_DXT1 (5)
    AddressX = TA_Clamp (1)
    AddressY = TA_Clamp (1)
    TextureFileCacheName = None
    MipTailBaseIdx = 0
    bForcePVRTC4 = false
    UnpackMin[4] = { 0, 0, 0, 0 }
    UnpackMax[4] = { 1, 1, 1, 1 }

Object info:
============
ClassName: Texture2D ObjectName: Loading_WindPlainFaction

    SizeX = 2048
    SizeY = 2048
    Format = PF_DXT1 (5)
    AddressX = TA_Clamp (1)
    AddressY = TA_Clamp (1)
    TextureFileCacheName = None
    MipTailBaseIdx = 0
    bForcePVRTC4 = false
    UnpackMin[4] = { 0, 0, 0, 0 }
    UnpackMax[4] = { 1, 1, 1, 1 }

Object info:
============
ClassName: Texture2D ObjectName: LoadingTip_Arena

    SizeX = 512
    SizeY = 512
    Format = PF_DXT5 (7)
    AddressX = TA_Clamp (1)
    AddressY = TA_Clamp (1)
    TextureFileCacheName = None
    MipTailBaseIdx = 0
    bForcePVRTC4 = false
    UnpackMin[4] = { 0, 0, 0, 0 }
    UnpackMax[4] = { 1, 1, 1, 1 }

Object info:
============
ClassName: Texture2D ObjectName: LoadingTip_Duel

    SizeX = 2048
    SizeY = 512
    Format = PF_DXT5 (7)
    AddressX = TA_Clamp (1)
    AddressY = TA_Clamp (1)
    TextureFileCacheName = None
    MipTailBaseIdx = 0
    bForcePVRTC4 = false
    UnpackMin[4] = { 0, 0, 0, 0 }
    UnpackMax[4] = { 1, 1, 1, 1 }

Object info:
============
ClassName: Texture2D ObjectName: LoadingTip_Duel_Icon_001

    SizeX = 256
    SizeY = 256
    Format = PF_DXT5 (7)
    AddressX = TA_Wrap (0)
    AddressY = TA_Wrap (0)
    TextureFileCacheName = None
    MipTailBaseIdx = 0
    bForcePVRTC4 = false
    UnpackMin[4] = { 0, 0, 0, 0 }
    UnpackMax[4] = { 1, 1, 1, 1 }

Object info:
============
ClassName: Texture2D ObjectName: LoadingTip_Duel_Icon_002

    SizeX = 256
    SizeY = 256
    Format = PF_DXT5 (7)
    AddressX = TA_Wrap (0)
    AddressY = TA_Wrap (0)
    TextureFileCacheName = None
    MipTailBaseIdx = 0
    bForcePVRTC4 = false
    UnpackMin[4] = { 0, 0, 0, 0 }
    UnpackMax[4] = { 1, 1, 1, 1 }

Object info:
============
ClassName: Texture2D ObjectName: LoadingTip_Duel_Icon_03

    SizeX = 256
    SizeY = 256
    Format = PF_DXT5 (7)
    AddressX = TA_Clamp (1)
    AddressY = TA_Clamp (1)
    TextureFileCacheName = None
    MipTailBaseIdx = 0
    bForcePVRTC4 = false
    UnpackMin[4] = { 0, 0, 0, 0 }
    UnpackMax[4] = { 1, 1, 1, 1 }

Object info:
============
ClassName: Texture2D ObjectName: LoadingTip_Duel_Icon_04

    SizeX = 256
    SizeY = 256
    Format = PF_DXT5 (7)
    AddressX = TA_Clamp (1)
    AddressY = TA_Clamp (1)
    TextureFileCacheName = None
    MipTailBaseIdx = 0
    bForcePVRTC4 = false
    UnpackMin[4] = { 0, 0, 0, 0 }
    UnpackMax[4] = { 1, 1, 1, 1 }

Object info:
============
ClassName: Texture2D ObjectName: LoadingTip_Duel_Icon_05

    SizeX = 256
    SizeY = 256
    Format = PF_DXT5 (7)
    AddressX = TA_Clamp (1)
    AddressY = TA_Clamp (1)
    TextureFileCacheName = None
    MipTailBaseIdx = 0
    bForcePVRTC4 = false
    UnpackMin[4] = { 0, 0, 0, 0 }
    UnpackMax[4] = { 1, 1, 1, 1 }

Object info:
============
ClassName: Texture2D ObjectName: LoadingTip_Epic3

    SizeX = 2048
    SizeY = 2048
    Format = PF_DXT1 (5)
    AddressX = TA_Clamp (1)
    AddressY = TA_Clamp (1)
    TextureFileCacheName = None
    MipTailBaseIdx = 0
    bForcePVRTC4 = false
    UnpackMin[4] = { 0, 0, 0, 0 }
    UnpackMax[4] = { 1, 1, 1, 1 }

Object info:
============
ClassName: Texture2D ObjectName: LoadingTip_Epic4

    SizeX = 2048
    SizeY = 2048
    Format = PF_DXT1 (5)
    AddressX = TA_Clamp (1)
    AddressY = TA_Clamp (1)
    TextureFileCacheName = None
    MipTailBaseIdx = 0
    bForcePVRTC4 = false
    UnpackMin[4] = { 0, 0, 0, 0 }
    UnpackMax[4] = { 1, 1, 1, 1 }

Object info:
============
ClassName: Texture2D ObjectName: loding_roll

    SizeX = 128
    SizeY = 128
    Format = PF_A8R8G8B8 (2)
    AddressX = TA_Clamp (1)
    AddressY = TA_Clamp (1)
    TextureFileCacheName = None
    MipTailBaseIdx = 0
    bForcePVRTC4 = false
    UnpackMin[4] = { 0, 0, 0, 0 }
    UnpackMax[4] = { 1, 1, 1, 1 }

Object info:
============
ClassName: Texture2D ObjectName: Login_BG

    SizeX = 2048
    SizeY = 2048
    Format = PF_DXT5 (7)
    AddressX = TA_Clamp (1)
    AddressY = TA_Clamp (1)
    TextureFileCacheName = None
    MipTailBaseIdx = 0
    bForcePVRTC4 = false
    UnpackMin[4] = { 0, 0, 0, 0 }
    UnpackMax[4] = { 1, 1, 1, 1 }

Object info:
============
ClassName: Texture2D ObjectName: Login_BG2

    SizeX = 2048
    SizeY = 2048
    Format = PF_DXT5 (7)
    AddressX = TA_Clamp (1)
    AddressY = TA_Clamp (1)
    TextureFileCacheName = None
    MipTailBaseIdx = 0
    bForcePVRTC4 = false
    UnpackMin[4] = { 0, 0, 0, 0 }
    UnpackMax[4] = { 1, 1, 1, 1 }

Object info:
============
ClassName: Texture2D ObjectName: nowloading

    SizeX = 512
    SizeY = 64
    Format = PF_DXT5 (7)
    AddressX = TA_Wrap (0)
    AddressY = TA_Wrap (0)
    TextureFileCacheName = None
    MipTailBaseIdx = 0
    bForcePVRTC4 = false
    UnpackMin[4] = { 0, 0, 0, 0 }
    UnpackMax[4] = { 1, 1, 1, 1 }

Object info:
============
ClassName: Texture2D ObjectName: nowloading1

    SizeX = 512
    SizeY = 64
    Format = PF_DXT5 (7)
    AddressX = TA_Wrap (0)
    AddressY = TA_Wrap (0)
    TextureFileCacheName = None
    MipTailBaseIdx = 0
    bForcePVRTC4 = false
    UnpackMin[4] = { 0, 0, 0, 0 }
    UnpackMax[4] = { 1, 1, 1, 1 }

Object info:
============
ClassName: Texture2D ObjectName: nowloading2

    SizeX = 512
    SizeY = 64
    Format = PF_DXT5 (7)
    AddressX = TA_Wrap (0)
    AddressY = TA_Wrap (0)
    TextureFileCacheName = None
    MipTailBaseIdx = 0
    bForcePVRTC4 = false
    UnpackMin[4] = { 0, 0, 0, 0 }
    UnpackMax[4] = { 1, 1, 1, 1 }

Object info:
============
ClassName: Texture2D ObjectName: nowloading3

    SizeX = 512
    SizeY = 64
    Format = PF_DXT5 (7)
    AddressX = TA_Wrap (0)
    AddressY = TA_Wrap (0)
    TextureFileCacheName = None
    MipTailBaseIdx = 0
    bForcePVRTC4 = false
    UnpackMin[4] = { 0, 0, 0, 0 }
    UnpackMax[4] = { 1, 1, 1, 1 }

Object info:
============
ClassName: Texture2D ObjectName: nowloading4

    SizeX = 256
    SizeY = 32
    Format = PF_DXT5 (7)
    AddressX = TA_Wrap (0)
    AddressY = TA_Wrap (0)
    TextureFileCacheName = None
    MipTailBaseIdx = 0
    bForcePVRTC4 = false
    UnpackMin[4] = { 0, 0, 0, 0 }
    UnpackMax[4] = { 1, 1, 1, 1 }

Object info:
============
ClassName: Texture2D ObjectName: nowloading5

    SizeX = 256
    SizeY = 32
    Format = PF_DXT5 (7)
    AddressX = TA_Wrap (0)
    AddressY = TA_Wrap (0)
    TextureFileCacheName = None
    MipTailBaseIdx = 0
    bForcePVRTC4 = false
    UnpackMin[4] = { 0, 0, 0, 0 }
    UnpackMax[4] = { 1, 1, 1, 1 }

Object info:
============
ClassName: Texture2D ObjectName: outro1_texture

    SizeX = 2048
    SizeY = 2048
    Format = PF_DXT1 (5)
    AddressX = TA_Wrap (0)
    AddressY = TA_Wrap (0)
    TextureFileCacheName = None
    MipTailBaseIdx = 0
    bForcePVRTC4 = false
    UnpackMin[4] = { 0, 0, 0, 0 }
    UnpackMax[4] = { 1, 1, 1, 1 }

Object info:
============
ClassName: Texture2D ObjectName: PachunsungdoTip_01

    SizeX = 2048
    SizeY = 2048
    Format = PF_DXT1 (5)
    AddressX = TA_Clamp (1)
    AddressY = TA_Clamp (1)
    TextureFileCacheName = None
    MipTailBaseIdx = 0
    bForcePVRTC4 = false
    UnpackMin[4] = { 0, 0, 0, 0 }
    UnpackMax[4] = { 1, 1, 1, 1 }
