Found 32768 game files (1 skipped)
Loading package: 00060818.upk Ver: 573/1 Engine: 4205 Names: 335 Exports: 788 Imports: 145 Game: 801A
Loading SkeletalMesh3 130009_Autoscale from package 00060818.upk
WARNING: ObjectProperty "USkeletalMesh3::MeshFactorSet" was not found
WARNING: ObjectProperty "USkeletalMesh3::PhysMaterialOverride" was not found
Loading package: 00060799.upk Ver: 573/1 Engine: 4205 Names: 89 Exports: 1 Imports: 19 Game: 801A
Loading SkeletalMeshSocket SkeletalMeshSocket_278 from package 00060818.upk
WARNING: ObjectProperty "USkeletalMeshSocket::DependencyParticleSystem" was not found
Loading SkeletalMeshSocket SkeletalMeshSocket_282 from package 00060818.upk
WARNING: ObjectProperty "USkeletalMeshSocket::DependencyParticleSystem" was not found
Loading MaterialInstanceConstant col14 from package 00060799.upk
Loading package: 00056557.upk Ver: 573/1 Engine: 4205 Names: 40 Exports: 10 Imports: 2 Game: 801A
Loading package: 00002640.upk Ver: 573/1 Engine: 4205 Names: 291 Exports: 507 Imports: 3 Game: 801A
Loading package: 00002620.upk Ver: 573/1 Engine: 4205 Names: 576 Exports: 7687 Imports: 96 Game: 801A
Loading Texture2D Weapon_130009_col1_N from package 00056557.upk
Loading Texture2D Weapon_130009_col14_M from package 00056557.upk
Loading Texture2D Weapon_130009_col14_D from package 00056557.upk
Loading Texture2D Weapon_130009_col14_S from package 00056557.upk
Loading TextureCube lenscube from package 00002640.upk
Loading Texture2D check from package 00002620.upk
Loading Material3 Basic from package 00002620.upk
Loading package: 00012963.upk Ver: 573/1 Engine: 4205 Names: 1349 Exports: 1323 Imports: 10 Game: 801A
Loading Texture2D CubemapFace0 from package 00002640.upk
Loading Texture2D CubemapFace1 from package 00002640.upk
Loading Texture2D CubemapFace2 from package 00002640.upk
Loading Texture2D CubemapFace3 from package 00002640.upk
Loading Texture2D CubemapFace4 from package 00002640.upk
Loading Texture2D CubemapFace5 from package 00002640.upk
Loading Texture2D check_n from package 00002620.upk
Loading Texture2D Smoke_Pattern_001 from package 00012963.upk
Loading Texture2D Gradient_Line_003 from package 00012963.upk
Loading Texture2D Gradient_Wipe_BurnOut_Mask_TEST from package 00012963.upk
Loading Texture2D Gradient_Wipe_BurnOut_Mask from package 00012963.upk
Loaded in 0.17 sec, 3225 allocs, 3.95 MBytes serialized in 253922 calls.

Object info:
============
ClassName: SkeletalMesh3 ObjectName: 130009_Autoscale

    LODInfo[1] =
    {
        LODInfo[0] =
        {
            DisplayFactor = 0
            LODHysteresis = 0.02
            LODMaterialMap[0] = {}
            bEnableShadowCasting[1] = { true }
        }
    }
    Sockets[2] =
    {
        Sockets[0] = SkeletalMeshSocket'130009_Autoscale.SkeletalMeshSocket_278'
        Sockets[1] = SkeletalMeshSocket'130009_Autoscale.SkeletalMeshSocket_282'
    }
    bHasVertexColors = false
    EnableTwistBoneFixers = true
    EnableClavicleFixer = true
    Materials[1] = { MaterialInstanceConstant'col14' }


    Lods[1] =
    {
        Lods[0] =
        {
            Sections[1] =
            {
                Sections[0] = { Material=MaterialInstanceConstant'col14', FirstIndex=0, NumFaces=2476 }
            }
            NumVerts = 1622
            IndexCount = 7428
            NumTexCoords = 1
        }
    }
    LodCount = 1
    MeshOrigin = { X=-0, Y=-0, Z=-0 }
    MeshScale = { X=1, Y=1, Z=1 }
    RotOrigin = { Yaw=0, Pitch=0, Roll=0 }
    BoneCount = 3

Object info:
============
ClassName: SkeletalMeshSocket ObjectName: SkeletalMeshSocket_278

    SocketName = FX_Add_Trail
    BoneName = WeaponPivot
    RelativeLocation = { X=0, Y=0, Z=-7 }
    RelativeRotation = { Yaw=0, Pitch=0, Roll=0 }
    RelativeScale = { X=2, Y=2, Z=2 }

Object info:
============
ClassName: SkeletalMeshSocket ObjectName: SkeletalMeshSocket_282

    SocketName = FX_Add
    BoneName = WeaponPivot
    RelativeLocation = { X=0, Y=0, Z=0 }
    RelativeRotation = { Yaw=0, Pitch=0, Roll=0 }
    RelativeScale = { X=1, Y=1, Z=1 }
